<?xml version="1.0" encoding="utf-8"?>
<coverage line-rate="0.9466" branch-rate="0.8985" version="1.9" timestamp="1774921970" lines-covered="959" lines-valid="1013" branches-covered="248" branches-valid="276">
  <sources>
    <source>/Users/nickt/Documents/copilot.nosync/flightPrep/src/</source>
  </sources>
  <packages>
    <package name="FlightPrep.Domain" line-rate="0.9517" branch-rate="1" complexity="158">
      <classes>
        <class name="FlightPrep.Services.FlightAssessment" filename="FlightPrep.Domain/Services/FlightAssessment.cs" line-rate="1" branch-rate="1" complexity="4">
          <methods>
            <method name="get_TotaalGewicht" signature="()" line-rate="1" branch-rate="1" complexity="1">
              <lines>
                <line number="10" hits="7" branch="False" />
              </lines>
            </method>
            <method name="get_LiftVoldoende" signature="()" line-rate="1" branch-rate="1" complexity="1">
              <lines>
                <line number="11" hits="6" branch="False" />
              </lines>
            </method>
            <method name="get_GoNoGo" signature="()" line-rate="1" branch-rate="1" complexity="1">
              <lines>
                <line number="12" hits="29" branch="False" />
              </lines>
            </method>
            <method name=".ctor" signature="(System.Double,System.Boolean,System.String)" line-rate="1" branch-rate="1" complexity="1">
              <lines>
                <line number="9" hits="20" branch="False" />
              </lines>
            </method>
          </methods>
          <lines>
            <line number="10" hits="7" branch="False" />
            <line number="11" hits="6" branch="False" />
            <line number="12" hits="29" branch="False" />
            <line number="9" hits="20" branch="False" />
          </lines>
        </class>
        <class name="FlightPrep.Services.HourlyForecast" filename="FlightPrep.Domain/Services/HourlyForecast.cs" line-rate="1" branch-rate="1" complexity="1">
          <methods>
            <method name="get_Time" signature="()" line-rate="1" branch-rate="1" complexity="1">
              <lines>
                <line number="4" hits="7" branch="False" />
              </lines>
            </method>
          </methods>
          <lines>
            <line number="4" hits="7" branch="False" />
          </lines>
        </class>
        <class name="FlightPrep.Services.TrackPoint" filename="FlightPrep.Domain/Services/TrackPoint.cs" line-rate="1" branch-rate="1" complexity="1">
          <methods>
            <method name="get_Lat" signature="()" line-rate="1" branch-rate="1" complexity="1">
              <lines>
                <line number="4" hits="35" branch="False" />
              </lines>
            </method>
          </methods>
          <lines>
            <line number="4" hits="35" branch="False" />
          </lines>
        </class>
        <class name="FlightPrep.Models.Balloon" filename="FlightPrep.Domain/Models/Balloon.cs" line-rate="1" branch-rate="1" complexity="5">
          <methods>
            <method name="get_Id" signature="()" line-rate="1" branch-rate="1" complexity="1">
              <lines>
                <line number="5" hits="5" branch="False" />
              </lines>
            </method>
            <method name="get_Registration" signature="()" line-rate="1" branch-rate="1" complexity="1">
              <lines>
                <line number="6" hits="19" branch="False" />
              </lines>
            </method>
            <method name="get_Type" signature="()" line-rate="1" branch-rate="1" complexity="1">
              <lines>
                <line number="7" hits="17" branch="False" />
              </lines>
            </method>
            <method name="get_Volume" signature="()" line-rate="1" branch-rate="1" complexity="1">
              <lines>
                <line number="8" hits="17" branch="False" />
              </lines>
            </method>
            <method name="get_EmptyWeightKg" signature="()" line-rate="1" branch-rate="1" complexity="1">
              <lines>
                <line number="9" hits="5" branch="False" />
              </lines>
            </method>
          </methods>
          <lines>
            <line number="5" hits="5" branch="False" />
            <line number="6" hits="19" branch="False" />
            <line number="7" hits="17" branch="False" />
            <line number="8" hits="17" branch="False" />
            <line number="9" hits="5" branch="False" />
          </lines>
        </class>
        <class name="FlightPrep.Models.FlightImage" filename="FlightPrep.Domain/Models/FlightImage.cs" line-rate="1" branch-rate="1" complexity="8">
          <methods>
            <method name="get_Id" signature="()" line-rate="1" branch-rate="1" complexity="1">
              <lines>
                <line number="5" hits="2" branch="False" />
              </lines>
            </method>
            <method name="get_FlightPreparationId" signature="()" line-rate="1" branch-rate="1" complexity="1">
              <lines>
                <line number="6" hits="2" branch="False" />
              </lines>
            </method>
            <method name="get_FlightPreparation" signature="()" line-rate="1" branch-rate="1" complexity="1">
              <lines>
                <line number="7" hits="2" branch="False" />
              </lines>
            </method>
            <method name="get_Section" signature="()" line-rate="1" branch-rate="1" complexity="1">
              <lines>
                <line number="10" hits="4" branch="False" />
              </lines>
            </method>
            <method name="get_FileName" signature="()" line-rate="1" branch-rate="1" complexity="1">
              <lines>
                <line number="12" hits="4" branch="False" />
              </lines>
            </method>
            <method name="get_ContentType" signature="()" line-rate="1" branch-rate="1" complexity="1">
              <lines>
                <line number="13" hits="4" branch="False" />
              </lines>
            </method>
            <method name="get_Data" signature="()" line-rate="1" branch-rate="1" complexity="1">
              <lines>
                <line number="14" hits="4" branch="False" />
              </lines>
            </method>
            <method name="get_Order" signature="()" line-rate="1" branch-rate="1" complexity="1">
              <lines>
                <line number="15" hits="2" branch="False" />
              </lines>
            </method>
          </methods>
          <lines>
            <line number="5" hits="2" branch="False" />
            <line number="6" hits="2" branch="False" />
            <line number="7" hits="2" branch="False" />
            <line number="10" hits="4" branch="False" />
            <line number="12" hits="4" branch="False" />
            <line number="13" hits="4" branch="False" />
            <line number="14" hits="4" branch="False" />
            <line number="15" hits="2" branch="False" />
          </lines>
        </class>
        <class name="FlightPrep.Models.FlightPreparation" filename="FlightPrep.Domain/Models/FlightPreparation.cs" line-rate="1" branch-rate="1" complexity="74">
          <methods>
            <method name="get_Id" signature="()" line-rate="1" branch-rate="1" complexity="1">
              <lines>
                <line number="5" hits="100" branch="False" />
              </lines>
            </method>
            <method name="get_CreatedAt" signature="()" line-rate="1" branch-rate="1" complexity="1">
              <lines>
                <line number="6" hits="164" branch="False" />
              </lines>
            </method>
            <method name="get_UpdatedAt" signature="()" line-rate="1" branch-rate="1" complexity="1">
              <lines>
                <line number="7" hits="170" branch="False" />
              </lines>
            </method>
            <method name="get_Datum" signature="()" line-rate="1" branch-rate="1" complexity="1">
              <lines>
                <line number="10" hits="179" branch="False" />
              </lines>
            </method>
            <method name="get_Tijdstip" signature="()" line-rate="1" branch-rate="1" complexity="1">
              <lines>
                <line number="11" hits="165" branch="False" />
              </lines>
            </method>
            <method name="get_BalloonId" signature="()" line-rate="1" branch-rate="1" complexity="1">
              <lines>
                <line number="12" hits="2" branch="False" />
              </lines>
            </method>
            <method name="get_Balloon" signature="()" line-rate="1" branch-rate="1" complexity="1">
              <lines>
                <line number="13" hits="129" branch="False" />
              </lines>
            </method>
            <method name="get_PilotId" signature="()" line-rate="1" branch-rate="1" complexity="1">
              <lines>
                <line number="14" hits="2" branch="False" />
              </lines>
            </method>
            <method name="get_Pilot" signature="()" line-rate="1" branch-rate="1" complexity="1">
              <lines>
                <line number="15" hits="184" branch="False" />
              </lines>
            </method>
            <method name="get_LocationId" signature="()" line-rate="1" branch-rate="1" complexity="1">
              <lines>
                <line number="16" hits="2" branch="False" />
              </lines>
            </method>
            <method name="get_Location" signature="()" line-rate="1" branch-rate="1" complexity="1">
              <lines>
                <line number="17" hits="129" branch="False" />
              </lines>
            </method>
            <method name="get_VeldEigenaarGemeld" signature="()" line-rate="1" branch-rate="1" complexity="1">
              <lines>
                <line number="18" hits="2" branch="False" />
              </lines>
            </method>
            <method name="get_SurfaceWindSpeedKt" signature="()" line-rate="1" branch-rate="1" complexity="1">
              <lines>
                <line number="21" hits="118" branch="False" />
              </lines>
            </method>
            <method name="get_SurfaceWindDirectionDeg" signature="()" line-rate="1" branch-rate="1" complexity="1">
              <lines>
                <line number="22" hits="1" branch="False" />
              </lines>
            </method>
            <method name="get_Metar" signature="()" line-rate="1" branch-rate="1" complexity="1">
              <lines>
                <line number="23" hits="2" branch="False" />
              </lines>
            </method>
            <method name="get_Taf" signature="()" line-rate="1" branch-rate="1" complexity="1">
              <lines>
                <line number="24" hits="2" branch="False" />
              </lines>
            </method>
            <method name="get_WindPerHoogte" signature="()" line-rate="1" branch-rate="1" complexity="1">
              <lines>
                <line number="25" hits="1" branch="False" />
              </lines>
            </method>
            <method name="get_Neerslag" signature="()" line-rate="1" branch-rate="1" complexity="1">
              <lines>
                <line number="26" hits="1" branch="False" />
              </lines>
            </method>
            <method name="get_TemperatuurC" signature="()" line-rate="1" branch-rate="1" complexity="1">
              <lines>
                <line number="27" hits="1" branch="False" />
              </lines>
            </method>
            <method name="get_DauwpuntC" signature="()" line-rate="1" branch-rate="1" complexity="1">
              <lines>
                <line number="28" hits="1" branch="False" />
              </lines>
            </method>
            <method name="get_QnhHpa" signature="()" line-rate="1" branch-rate="1" complexity="1">
              <lines>
                <line number="29" hits="1" branch="False" />
              </lines>
            </method>
            <method name="get_ZichtbaarheidKm" signature="()" line-rate="1" branch-rate="1" complexity="1">
              <lines>
                <line number="30" hits="99" branch="False" />
              </lines>
            </method>
            <method name="get_CapeJkg" signature="()" line-rate="1" branch-rate="1" complexity="1">
              <lines>
                <line number="31" hits="94" branch="False" />
              </lines>
            </method>
            <method name="get_NotamsGecontroleerd" signature="()" line-rate="1" branch-rate="1" complexity="1">
              <lines>
                <line number="34" hits="137" branch="False" />
              </lines>
            </method>
            <method name="get_Luchtruimstructuur" signature="()" line-rate="1" branch-rate="1" complexity="1">
              <lines>
                <line number="35" hits="1" branch="False" />
              </lines>
            </method>
            <method name="get_Beperkingen" signature="()" line-rate="1" branch-rate="1" complexity="1">
              <lines>
                <line number="36" hits="1" branch="False" />
              </lines>
            </method>
            <method name="get_Obstakels" signature="()" line-rate="1" branch-rate="1" complexity="1">
              <lines>
                <line number="37" hits="1" branch="False" />
              </lines>
            </method>
            <method name="get_EhboEnBlusser" signature="()" line-rate="1" branch-rate="1" complexity="1">
              <lines>
                <line number="40" hits="136" branch="False" />
              </lines>
            </method>
            <method name="get_PassagierslijstIngevuld" signature="()" line-rate="1" branch-rate="1" complexity="1">
              <lines>
                <line number="41" hits="136" branch="False" />
              </lines>
            </method>
            <method name="get_VluchtplanIngediend" signature="()" line-rate="1" branch-rate="1" complexity="1">
              <lines>
                <line number="42" hits="136" branch="False" />
              </lines>
            </method>
            <method name="get_BranderGetest" signature="()" line-rate="1" branch-rate="1" complexity="1">
              <lines>
                <line number="45" hits="2" branch="False" />
              </lines>
            </method>
            <method name="get_GasflaconsGecontroleerd" signature="()" line-rate="1" branch-rate="1" complexity="1">
              <lines>
                <line number="46" hits="1" branch="False" />
              </lines>
            </method>
            <method name="get_BallonVisueel" signature="()" line-rate="1" branch-rate="1" complexity="1">
              <lines>
                <line number="47" hits="1" branch="False" />
              </lines>
            </method>
            <method name="get_VerankeringenGecontroleerd" signature="()" line-rate="1" branch-rate="1" complexity="1">
              <lines>
                <line number="48" hits="1" branch="False" />
              </lines>
            </method>
            <method name="get_InstrumentenWerkend" signature="()" line-rate="1" branch-rate="1" complexity="1">
              <lines>
                <line number="49" hits="1" branch="False" />
              </lines>
            </method>
            <method name="get_PaxBriefing" signature="()" line-rate="1" branch-rate="1" complexity="1">
              <lines>
                <line number="52" hits="1" branch="False" />
              </lines>
            </method>
            <method name="get_EnvelopeWeightKg" signature="()" line-rate="1" branch-rate="1" complexity="1">
              <lines>
                <line number="55" hits="62" branch="False" />
              </lines>
            </method>
            <method name="get_Passengers" signature="()" line-rate="1" branch-rate="1" complexity="1">
              <lines>
                <line number="56" hits="303" branch="False" />
              </lines>
            </method>
            <method name="get_MaxAltitudeFt" signature="()" line-rate="1" branch-rate="1" complexity="1">
              <lines>
                <line number="57" hits="1" branch="False" />
              </lines>
            </method>
            <method name="get_LiftUnits" signature="()" line-rate="1" branch-rate="1" complexity="1">
              <lines>
                <line number="58" hits="1" branch="False" />
              </lines>
            </method>
            <method name="get_TotaalLiftKg" signature="()" line-rate="1" branch-rate="1" complexity="1">
              <lines>
                <line number="59" hits="85" branch="False" />
              </lines>
            </method>
            <method name="get_LoadNotes" signature="()" line-rate="1" branch-rate="1" complexity="1">
              <lines>
                <line number="60" hits="1" branch="False" />
              </lines>
            </method>
            <method name="get_Traject" signature="()" line-rate="1" branch-rate="1" complexity="1">
              <lines>
                <line number="63" hits="1" branch="False" />
              </lines>
            </method>
            <method name="get_TrajectorySimulationJson" signature="()" line-rate="1" branch-rate="1" complexity="1">
              <lines>
                <line number="64" hits="5" branch="False" />
              </lines>
            </method>
            <method name="get_IsFlown" signature="()" line-rate="1" branch-rate="1" complexity="1">
              <lines>
                <line number="67" hits="9" branch="False" />
              </lines>
            </method>
            <method name="get_ActualLandingNotes" signature="()" line-rate="1" branch-rate="1" complexity="1">
              <lines>
                <line number="68" hits="5" branch="False" />
              </lines>
            </method>
            <method name="get_ActualFlightDurationMinutes" signature="()" line-rate="1" branch-rate="1" complexity="1">
              <lines>
                <line number="69" hits="6" branch="False" />
              </lines>
            </method>
            <method name="get_ActualRemarks" signature="()" line-rate="1" branch-rate="1" complexity="1">
              <lines>
                <line number="70" hits="5" branch="False" />
              </lines>
            </method>
            <method name="get_KmlTrack" signature="()" line-rate="1" branch-rate="1" complexity="1">
              <lines>
                <line number="73" hits="4" branch="False" />
              </lines>
            </method>
            <method name="get_Images" signature="()" line-rate="1" branch-rate="1" complexity="1">
              <lines>
                <line number="76" hits="235" branch="False" />
              </lines>
            </method>
            <method name="get_WindLevels" signature="()" line-rate="1" branch-rate="1" complexity="1">
              <lines>
                <line number="79" hits="246" branch="False" />
              </lines>
            </method>
            <method name="get_Ballonbulletin" signature="()" line-rate="1" branch-rate="1" complexity="1">
              <lines>
                <line number="82" hits="1" branch="False" />
              </lines>
            </method>
            <method name="get_TotaalGewicht" signature="()" line-rate="1" branch-rate="1" complexity="2">
              <lines>
                <line number="86" hits="14" branch="True" condition-coverage="100% (2/2)">
                  <conditions>
                    <condition number="21" type="jump" coverage="100%" />
                  </conditions>
                </line>
                <line number="87" hits="14" branch="False" />
                <line number="88" hits="24" branch="False" />
              </lines>
            </method>
            <method name="get_LiftVoldoende" signature="()" line-rate="1" branch-rate="1" complexity="2">
              <lines>
                <line number="91" hits="6" branch="True" condition-coverage="100% (2/2)">
                  <conditions>
                    <condition number="14" type="jump" coverage="100%" />
                  </conditions>
                </line>
              </lines>
            </method>
            <method name="get_GoNoGo" signature="()" line-rate="1" branch-rate="1" complexity="18">
              <lines>
                <line number="98" hits="10" branch="True" condition-coverage="100% (4/4)">
                  <conditions>
                    <condition number="14" type="jump" coverage="100%" />
                    <condition number="30" type="jump" coverage="100%" />
                  </conditions>
                </line>
                <line number="99" hits="11" branch="True" condition-coverage="100% (2/2)">
                  <conditions>
                    <condition number="49" type="jump" coverage="100%" />
                  </conditions>
                </line>
                <line number="100" hits="9" branch="True" condition-coverage="100% (4/4)">
                  <conditions>
                    <condition number="89" type="jump" coverage="100%" />
                    <condition number="119" type="jump" coverage="100%" />
                  </conditions>
                </line>
                <line number="101" hits="9" branch="True" condition-coverage="100% (4/4)">
                  <conditions>
                    <condition number="188" type="jump" coverage="100%" />
                    <condition number="218" type="jump" coverage="100%" />
                  </conditions>
                </line>
                <line number="102" hits="9" branch="True" condition-coverage="100% (4/4)">
                  <conditions>
                    <condition number="256" type="jump" coverage="100%" />
                    <condition number="259" type="jump" coverage="100%" />
                  </conditions>
                </line>
              </lines>
            </method>
          </methods>
          <lines>
            <line number="5" hits="100" branch="False" />
            <line number="6" hits="164" branch="False" />
            <line number="7" hits="170" branch="False" />
            <line number="10" hits="179" branch="False" />
            <line number="11" hits="165" branch="False" />
            <line number="12" hits="2" branch="False" />
            <line number="13" hits="129" branch="False" />
            <line number="14" hits="2" branch="False" />
            <line number="15" hits="184" branch="False" />
            <line number="16" hits="2" branch="False" />
            <line number="17" hits="129" branch="False" />
            <line number="18" hits="2" branch="False" />
            <line number="21" hits="118" branch="False" />
            <line number="22" hits="1" branch="False" />
            <line number="23" hits="2" branch="False" />
            <line number="24" hits="2" branch="False" />
            <line number="25" hits="1" branch="False" />
            <line number="26" hits="1" branch="False" />
            <line number="27" hits="1" branch="False" />
            <line number="28" hits="1" branch="False" />
            <line number="29" hits="1" branch="False" />
            <line number="30" hits="99" branch="False" />
            <line number="31" hits="94" branch="False" />
            <line number="34" hits="137" branch="False" />
            <line number="35" hits="1" branch="False" />
            <line number="36" hits="1" branch="False" />
            <line number="37" hits="1" branch="False" />
            <line number="40" hits="136" branch="False" />
            <line number="41" hits="136" branch="False" />
            <line number="42" hits="136" branch="False" />
            <line number="45" hits="2" branch="False" />
            <line number="46" hits="1" branch="False" />
            <line number="47" hits="1" branch="False" />
            <line number="48" hits="1" branch="False" />
            <line number="49" hits="1" branch="False" />
            <line number="52" hits="1" branch="False" />
            <line number="55" hits="62" branch="False" />
            <line number="56" hits="303" branch="False" />
            <line number="57" hits="1" branch="False" />
            <line number="58" hits="1" branch="False" />
            <line number="59" hits="85" branch="False" />
            <line number="60" hits="1" branch="False" />
            <line number="63" hits="1" branch="False" />
            <line number="64" hits="5" branch="False" />
            <line number="67" hits="9" branch="False" />
            <line number="68" hits="5" branch="False" />
            <line number="69" hits="6" branch="False" />
            <line number="70" hits="5" branch="False" />
            <line number="73" hits="4" branch="False" />
            <line number="76" hits="235" branch="False" />
            <line number="79" hits="246" branch="False" />
            <line number="82" hits="1" branch="False" />
            <line number="86" hits="14" branch="True" condition-coverage="100% (2/2)">
              <conditions>
                <condition number="21" type="jump" coverage="100%" />
              </conditions>
            </line>
            <line number="87" hits="14" branch="False" />
            <line number="88" hits="24" branch="False" />
            <line number="91" hits="6" branch="True" condition-coverage="100% (2/2)">
              <conditions>
                <condition number="14" type="jump" coverage="100%" />
              </conditions>
            </line>
            <line number="98" hits="10" branch="True" condition-coverage="100% (4/4)">
              <conditions>
                <condition number="14" type="jump" coverage="100%" />
                <condition number="30" type="jump" coverage="100%" />
              </conditions>
            </line>
            <line number="99" hits="11" branch="True" condition-coverage="100% (2/2)">
              <conditions>
                <condition number="49" type="jump" coverage="100%" />
              </conditions>
            </line>
            <line number="100" hits="9" branch="True" condition-coverage="100% (4/4)">
              <conditions>
                <condition number="89" type="jump" coverage="100%" />
                <condition number="119" type="jump" coverage="100%" />
              </conditions>
            </line>
            <line number="101" hits="9" branch="True" condition-coverage="100% (4/4)">
              <conditions>
                <condition number="188" type="jump" coverage="100%" />
                <condition number="218" type="jump" coverage="100%" />
              </conditions>
            </line>
            <line number="102" hits="9" branch="True" condition-coverage="100% (4/4)">
              <conditions>
                <condition number="256" type="jump" coverage="100%" />
                <condition number="259" type="jump" coverage="100%" />
              </conditions>
            </line>
          </lines>
        </class>
        <class name="FlightPrep.Models.FlightPreparationSummary" filename="FlightPrep.Domain/Models/FlightPreparationSummary.cs" line-rate="0.4545" branch-rate="1" complexity="11">
          <methods>
            <method name="get_Id" signature="()" line-rate="0" branch-rate="1" complexity="1">
              <lines>
                <line number="9" hits="0" branch="False" />
              </lines>
            </method>
            <method name="get_Datum" signature="()" line-rate="0" branch-rate="1" complexity="1">
              <lines>
                <line number="10" hits="0" branch="False" />
              </lines>
            </method>
            <method name="get_Tijdstip" signature="()" line-rate="0" branch-rate="1" complexity="1">
              <lines>
                <line number="11" hits="0" branch="False" />
              </lines>
            </method>
            <method name="get_IsFlown" signature="()" line-rate="0" branch-rate="1" complexity="1">
              <lines>
                <line number="12" hits="0" branch="False" />
              </lines>
            </method>
            <method name="get_BalloonRegistration" signature="()" line-rate="1" branch-rate="1" complexity="1">
              <lines>
                <line number="13" hits="1" branch="False" />
              </lines>
            </method>
            <method name="get_PilotName" signature="()" line-rate="1" branch-rate="1" complexity="1">
              <lines>
                <line number="14" hits="1" branch="False" />
              </lines>
            </method>
            <method name="get_LocationName" signature="()" line-rate="1" branch-rate="1" complexity="1">
              <lines>
                <line number="15" hits="1" branch="False" />
              </lines>
            </method>
            <method name="get_SurfaceWindSpeedKt" signature="()" line-rate="0" branch-rate="1" complexity="1">
              <lines>
                <line number="16" hits="0" branch="False" />
              </lines>
            </method>
            <method name="get_ZichtbaarheidKm" signature="()" line-rate="0" branch-rate="1" complexity="1">
              <lines>
                <line number="17" hits="0" branch="False" />
              </lines>
            </method>
            <method name="get_CapeJkg" signature="()" line-rate="1" branch-rate="1" complexity="1">
              <lines>
                <line number="18" hits="4" branch="False" />
              </lines>
            </method>
            <method name=".ctor" signature="(System.Int32,System.DateOnly,System.TimeOnly,System.Boolean,System.String,System.String,System.String,System.Nullable`1&lt;System.Double&gt;,System.Nullable`1&lt;System.Double&gt;,System.Nullable`1&lt;System.Double&gt;)" line-rate="1" branch-rate="1" complexity="1">
              <lines>
                <line number="8" hits="4" branch="False" />
              </lines>
            </method>
          </methods>
          <lines>
            <line number="9" hits="0" branch="False" />
            <line number="10" hits="0" branch="False" />
            <line number="11" hits="0" branch="False" />
            <line number="12" hits="0" branch="False" />
            <line number="13" hits="1" branch="False" />
            <line number="14" hits="1" branch="False" />
            <line number="15" hits="1" branch="False" />
            <line number="16" hits="0" branch="False" />
            <line number="17" hits="0" branch="False" />
            <line number="18" hits="4" branch="False" />
            <line number="8" hits="4" branch="False" />
          </lines>
        </class>
        <class name="FlightPrep.Models.GoNoGoSettings" filename="FlightPrep.Domain/Models/GoNoGoSettings.cs" line-rate="1" branch-rate="1" complexity="7">
          <methods>
            <method name="get_Id" signature="()" line-rate="1" branch-rate="1" complexity="1">
              <lines>
                <line number="6" hits="44" branch="False" />
              </lines>
            </method>
            <method name="get_WindYellowKt" signature="()" line-rate="1" branch-rate="1" complexity="1">
              <lines>
                <line number="9" hits="83" branch="False" />
              </lines>
            </method>
            <method name="get_WindRedKt" signature="()" line-rate="1" branch-rate="1" complexity="1">
              <lines>
                <line number="10" hits="90" branch="False" />
              </lines>
            </method>
            <method name="get_VisYellowKm" signature="()" line-rate="1" branch-rate="1" complexity="1">
              <lines>
                <line number="13" hits="57" branch="False" />
              </lines>
            </method>
            <method name="get_VisRedKm" signature="()" line-rate="1" branch-rate="1" complexity="1">
              <lines>
                <line number="14" hits="62" branch="False" />
              </lines>
            </method>
            <method name="get_CapeYellowJkg" signature="()" line-rate="1" branch-rate="1" complexity="1">
              <lines>
                <line number="17" hits="60" branch="False" />
              </lines>
            </method>
            <method name="get_CapeRedJkg" signature="()" line-rate="1" branch-rate="1" complexity="1">
              <lines>
                <line number="18" hits="72" branch="False" />
              </lines>
            </method>
          </methods>
          <lines>
            <line number="6" hits="44" branch="False" />
            <line number="9" hits="83" branch="False" />
            <line number="10" hits="90" branch="False" />
            <line number="13" hits="57" branch="False" />
            <line number="14" hits="62" branch="False" />
            <line number="17" hits="60" branch="False" />
            <line number="18" hits="72" branch="False" />
          </lines>
        </class>
        <class name="FlightPrep.Models.Location" filename="FlightPrep.Domain/Models/Location.cs" line-rate="1" branch-rate="1" complexity="6">
          <methods>
            <method name="get_Id" signature="()" line-rate="1" branch-rate="1" complexity="1">
              <lines>
                <line number="5" hits="3" branch="False" />
              </lines>
            </method>
            <method name="get_Name" signature="()" line-rate="1" branch-rate="1" complexity="1">
              <lines>
                <line number="6" hits="15" branch="False" />
              </lines>
            </method>
            <method name="get_IcaoCode" signature="()" line-rate="1" branch-rate="1" complexity="1">
              <lines>
                <line number="7" hits="3" branch="False" />
              </lines>
            </method>
            <method name="get_AirspaceNotes" signature="()" line-rate="1" branch-rate="1" complexity="1">
              <lines>
                <line number="8" hits="3" branch="False" />
              </lines>
            </method>
            <method name="get_Latitude" signature="()" line-rate="1" branch-rate="1" complexity="1">
              <lines>
                <line number="9" hits="3" branch="False" />
              </lines>
            </method>
            <method name="get_Longitude" signature="()" line-rate="1" branch-rate="1" complexity="1">
              <lines>
                <line number="10" hits="3" branch="False" />
              </lines>
            </method>
          </methods>
          <lines>
            <line number="5" hits="3" branch="False" />
            <line number="6" hits="15" branch="False" />
            <line number="7" hits="3" branch="False" />
            <line number="8" hits="3" branch="False" />
            <line number="9" hits="3" branch="False" />
            <line number="10" hits="3" branch="False" />
          </lines>
        </class>
        <class name="FlightPrep.Models.Passenger" filename="FlightPrep.Domain/Models/Passenger.cs" line-rate="1" branch-rate="1" complexity="6">
          <methods>
            <method name="get_Id" signature="()" line-rate="1" branch-rate="1" complexity="1">
              <lines>
                <line number="5" hits="11" branch="False" />
              </lines>
            </method>
            <method name="get_FlightPreparationId" signature="()" line-rate="1" branch-rate="1" complexity="1">
              <lines>
                <line number="6" hits="11" branch="False" />
              </lines>
            </method>
            <method name="get_FlightPreparation" signature="()" line-rate="1" branch-rate="1" complexity="1">
              <lines>
                <line number="7" hits="2" branch="False" />
              </lines>
            </method>
            <method name="get_Name" signature="()" line-rate="1" branch-rate="1" complexity="1">
              <lines>
                <line number="8" hits="50" branch="False" />
              </lines>
            </method>
            <method name="get_WeightKg" signature="()" line-rate="1" branch-rate="1" complexity="1">
              <lines>
                <line number="9" hits="44" branch="False" />
              </lines>
            </method>
            <method name="get_Order" signature="()" line-rate="1" branch-rate="1" complexity="1">
              <lines>
                <line number="10" hits="11" branch="False" />
              </lines>
            </method>
          </methods>
          <lines>
            <line number="5" hits="11" branch="False" />
            <line number="6" hits="11" branch="False" />
            <line number="7" hits="2" branch="False" />
            <line number="8" hits="50" branch="False" />
            <line number="9" hits="44" branch="False" />
            <line number="10" hits="11" branch="False" />
          </lines>
        </class>
        <class name="FlightPrep.Models.Pilot" filename="FlightPrep.Domain/Models/Pilot.cs" line-rate="1" branch-rate="1" complexity="3">
          <methods>
            <method name="get_Id" signature="()" line-rate="1" branch-rate="1" complexity="1">
              <lines>
                <line number="5" hits="3" branch="False" />
              </lines>
            </method>
            <method name="get_Name" signature="()" line-rate="1" branch-rate="1" complexity="1">
              <lines>
                <line number="6" hits="27" branch="False" />
              </lines>
            </method>
            <method name="get_WeightKg" signature="()" line-rate="1" branch-rate="1" complexity="1">
              <lines>
                <line number="7" hits="28" branch="False" />
              </lines>
            </method>
          </methods>
          <lines>
            <line number="5" hits="3" branch="False" />
            <line number="6" hits="27" branch="False" />
            <line number="7" hits="28" branch="False" />
          </lines>
        </class>
        <class name="FlightPrep.Models.WindLevel" filename="FlightPrep.Domain/Models/WindLevel.cs" line-rate="1" branch-rate="1" complexity="8">
          <methods>
            <method name="get_Id" signature="()" line-rate="1" branch-rate="1" complexity="1">
              <lines>
                <line number="5" hits="8" branch="False" />
              </lines>
            </method>
            <method name="get_FlightPreparationId" signature="()" line-rate="1" branch-rate="1" complexity="1">
              <lines>
                <line number="6" hits="8" branch="False" />
              </lines>
            </method>
            <method name="get_FlightPreparation" signature="()" line-rate="1" branch-rate="1" complexity="1">
              <lines>
                <line number="7" hits="2" branch="False" />
              </lines>
            </method>
            <method name="get_AltitudeFt" signature="()" line-rate="1" branch-rate="1" complexity="1">
              <lines>
                <line number="8" hits="86860" branch="False" />
              </lines>
            </method>
            <method name="get_DirectionDeg" signature="()" line-rate="1" branch-rate="1" complexity="1">
              <lines>
                <line number="9" hits="10049" branch="False" />
              </lines>
            </method>
            <method name="get_SpeedKt" signature="()" line-rate="1" branch-rate="1" complexity="1">
              <lines>
                <line number="10" hits="14736" branch="False" />
              </lines>
            </method>
            <method name="get_TempC" signature="()" line-rate="1" branch-rate="1" complexity="1">
              <lines>
                <line number="11" hits="2" branch="False" />
              </lines>
            </method>
            <method name="get_Order" signature="()" line-rate="1" branch-rate="1" complexity="1">
              <lines>
                <line number="12" hits="1300" branch="False" />
              </lines>
            </method>
          </methods>
          <lines>
            <line number="5" hits="8" branch="False" />
            <line number="6" hits="8" branch="False" />
            <line number="7" hits="2" branch="False" />
            <line number="8" hits="86860" branch="False" />
            <line number="9" hits="10049" branch="False" />
            <line number="10" hits="14736" branch="False" />
            <line number="11" hits="2" branch="False" />
            <line number="12" hits="1300" branch="False" />
          </lines>
        </class>
        <class name="FlightPrep.Models.Trajectory.SimulatedTrajectory" filename="FlightPrep.Domain/Models/Trajectory/SimulatedTrajectory.cs" line-rate="0.8887999999999999" branch-rate="1" complexity="9">
          <methods>
            <method name="get_AltitudeFt" signature="()" line-rate="1" branch-rate="1" complexity="1">
              <lines>
                <line number="6" hits="48" branch="False" />
              </lines>
            </method>
            <method name="get_Color" signature="()" line-rate="1" branch-rate="1" complexity="1">
              <lines>
                <line number="7" hits="46" branch="False" />
              </lines>
            </method>
            <method name="get_Points" signature="()" line-rate="1" branch-rate="1" complexity="1">
              <lines>
                <line number="8" hits="41" branch="False" />
              </lines>
            </method>
            <method name="get_DataSource" signature="()" line-rate="1" branch-rate="1" complexity="1">
              <lines>
                <line number="9" hits="7" branch="False" />
              </lines>
            </method>
            <method name="get_SimulatedAt" signature="()" line-rate="0" branch-rate="1" complexity="1">
              <lines>
                <line number="10" hits="0" branch="False" />
              </lines>
            </method>
            <method name="get_DurationMinutes" signature="()" line-rate="1" branch-rate="1" complexity="1">
              <lines>
                <line number="11" hits="5" branch="False" />
              </lines>
            </method>
            <method name="get_AscentRateMs" signature="()" line-rate="1" branch-rate="1" complexity="1">
              <lines>
                <line number="12" hits="1" branch="False" />
              </lines>
            </method>
            <method name="get_DescentRateMs" signature="()" line-rate="1" branch-rate="1" complexity="1">
              <lines>
                <line number="13" hits="83" branch="False" />
              </lines>
            </method>
            <method name=".ctor" signature="(System.Int32,System.String,System.Collections.Generic.List`1&lt;FlightPrep.Models.Trajectory.TrajectoryPoint&gt;,FlightPrep.Models.Trajectory.TrajectoryDataSource,System.DateTime,System.Int32,System.Nullable`1&lt;System.Double&gt;,System.Nullable`1&lt;System.Double&gt;)" line-rate="1" branch-rate="1" complexity="1">
              <lines>
                <line number="5" hits="82" branch="False" />
              </lines>
            </method>
          </methods>
          <lines>
            <line number="6" hits="48" branch="False" />
            <line number="7" hits="46" branch="False" />
            <line number="8" hits="41" branch="False" />
            <line number="9" hits="7" branch="False" />
            <line number="10" hits="0" branch="False" />
            <line number="11" hits="5" branch="False" />
            <line number="12" hits="1" branch="False" />
            <line number="13" hits="83" branch="False" />
            <line number="5" hits="82" branch="False" />
          </lines>
        </class>
        <class name="FlightPrep.Models.Trajectory.TrajectoryPoint" filename="FlightPrep.Domain/Models/Trajectory/TrajectoryPoint.cs" line-rate="1" branch-rate="1" complexity="5">
          <methods>
            <method name="get_Lat" signature="()" line-rate="1" branch-rate="1" complexity="1">
              <lines>
                <line number="4" hits="198" branch="False" />
              </lines>
            </method>
            <method name="get_Lon" signature="()" line-rate="1" branch-rate="1" complexity="1">
              <lines>
                <line number="5" hits="198" branch="False" />
              </lines>
            </method>
            <method name="get_AltitudeFt" signature="()" line-rate="1" branch-rate="1" complexity="1">
              <lines>
                <line number="6" hits="61" branch="False" />
              </lines>
            </method>
            <method name="get_ElapsedMinutes" signature="()" line-rate="1" branch-rate="1" complexity="1">
              <lines>
                <line number="7" hits="2668" branch="False" />
              </lines>
            </method>
            <method name=".ctor" signature="(System.Double,System.Double,System.Nullable`1&lt;System.Double&gt;,System.Nullable`1&lt;System.Int32&gt;)" line-rate="1" branch-rate="1" complexity="1">
              <lines>
                <line number="3" hits="2666" branch="False" />
              </lines>
            </method>
          </methods>
          <lines>
            <line number="4" hits="198" branch="False" />
            <line number="5" hits="198" branch="False" />
            <line number="6" hits="61" branch="False" />
            <line number="7" hits="2668" branch="False" />
            <line number="3" hits="2666" branch="False" />
          </lines>
        </class>
        <class name="FlightPrep.Models.Trajectory.WindSnapshot" filename="FlightPrep.Domain/Models/Trajectory/WindSnapshot.cs" line-rate="1" branch-rate="1" complexity="1">
          <methods>
            <method name="get_TimeUtc" signature="()" line-rate="1" branch-rate="1" complexity="1">
              <lines>
                <line number="6" hits="20420" branch="False" />
              </lines>
            </method>
          </methods>
          <lines>
            <line number="6" hits="20420" branch="False" />
          </lines>
        </class>
        <class name="FlightPrep.Models.ReleaseNotes.ReleaseNotesDocument" filename="FlightPrep.Domain/Models/ReleaseNotes/ReleaseNotesModels.cs" line-rate="1" branch-rate="1" complexity="2">
          <methods>
            <method name="get_CurrentVersion" signature="()" line-rate="1" branch-rate="1" complexity="1">
              <lines>
                <line number="7" hits="22" branch="False" />
              </lines>
            </method>
            <method name="get_Entries" signature="()" line-rate="1" branch-rate="1" complexity="1">
              <lines>
                <line number="8" hits="18" branch="False" />
              </lines>
            </method>
          </methods>
          <lines>
            <line number="7" hits="22" branch="False" />
            <line number="8" hits="18" branch="False" />
          </lines>
        </class>
        <class name="FlightPrep.Models.ReleaseNotes.ReleaseEntry" filename="FlightPrep.Domain/Models/ReleaseNotes/ReleaseNotesModels.cs" line-rate="1" branch-rate="1" complexity="7">
          <methods>
            <method name="get_Pr" signature="()" line-rate="1" branch-rate="1" complexity="1">
              <lines>
                <line number="13" hits="3" branch="False" />
              </lines>
            </method>
            <method name="get_Version" signature="()" line-rate="1" branch-rate="1" complexity="1">
              <lines>
                <line number="14" hits="5" branch="False" />
              </lines>
            </method>
            <method name="get_Title" signature="()" line-rate="1" branch-rate="1" complexity="1">
              <lines>
                <line number="15" hits="5" branch="False" />
              </lines>
            </method>
            <method name="get_Description" signature="()" line-rate="1" branch-rate="1" complexity="1">
              <lines>
                <line number="16" hits="4" branch="False" />
              </lines>
            </method>
            <method name="get_Author" signature="()" line-rate="1" branch-rate="1" complexity="1">
              <lines>
                <line number="17" hits="4" branch="False" />
              </lines>
            </method>
            <method name="get_Labels" signature="()" line-rate="1" branch-rate="1" complexity="1">
              <lines>
                <line number="19" hits="4" branch="False" />
              </lines>
            </method>
            <method name="get_Date" signature="()" line-rate="1" branch-rate="1" complexity="1">
              <lines>
                <line number="20" hits="2" branch="False" />
              </lines>
            </method>
          </methods>
          <lines>
            <line number="13" hits="3" branch="False" />
            <line number="14" hits="5" branch="False" />
            <line number="15" hits="5" branch="False" />
            <line number="16" hits="4" branch="False" />
            <line number="17" hits="4" branch="False" />
            <line number="19" hits="4" branch="False" />
            <line number="20" hits="2" branch="False" />
          </lines>
        </class>
      </classes>
    </package>
    <package name="FlightPrep" line-rate="0.9323999999999999" branch-rate="0.968" complexity="104">
      <classes>
        <class name="FlightPrep.Services.FlightAssessmentService" filename="FlightPrep/Services/FlightAssessmentService.cs" line-rate="1" branch-rate="1" complexity="5">
          <methods>
            <method name="Compute" signature="(FlightPrep.Models.FlightPreparation,FlightPrep.Models.GoNoGoSettings)" line-rate="1" branch-rate="1" complexity="4">
              <lines>
                <line number="44" hits="17" branch="False" />
                <line number="45" hits="16" branch="False" />
                <line number="47" hits="15" branch="True" condition-coverage="100% (2/2)">
                  <conditions>
                    <condition number="43" type="jump" coverage="100%" />
                  </conditions>
                </line>
                <line number="48" hits="15" branch="False" />
                <line number="49" hits="20" branch="False" />
                <line number="51" hits="15" branch="True" condition-coverage="100% (2/2)">
                  <conditions>
                    <condition number="129" type="jump" coverage="100%" />
                  </conditions>
                </line>
                <line number="52" hits="15" branch="False" />
                <line number="54" hits="15" branch="False" />
                <line number="55" hits="15" branch="False" />
                <line number="56" hits="15" branch="False" />
                <line number="57" hits="15" branch="False" />
                <line number="58" hits="15" branch="False" />
                <line number="60" hits="15" branch="False" />
              </lines>
            </method>
            <method name=".ctor" signature="(FlightPrep.Services.IGoNoGoService)" line-rate="1" branch-rate="1" complexity="1">
              <lines>
                <line number="11" hits="22" branch="False" />
              </lines>
            </method>
          </methods>
          <lines>
            <line number="44" hits="17" branch="False" />
            <line number="45" hits="16" branch="False" />
            <line number="47" hits="15" branch="True" condition-coverage="100% (2/2)">
              <conditions>
                <condition number="43" type="jump" coverage="100%" />
              </conditions>
            </line>
            <line number="48" hits="15" branch="False" />
            <line number="49" hits="20" branch="False" />
            <line number="51" hits="15" branch="True" condition-coverage="100% (2/2)">
              <conditions>
                <condition number="129" type="jump" coverage="100%" />
              </conditions>
            </line>
            <line number="52" hits="15" branch="False" />
            <line number="54" hits="15" branch="False" />
            <line number="55" hits="15" branch="False" />
            <line number="56" hits="15" branch="False" />
            <line number="57" hits="15" branch="False" />
            <line number="58" hits="15" branch="False" />
            <line number="60" hits="15" branch="False" />
            <line number="11" hits="22" branch="False" />
          </lines>
        </class>
        <class name="FlightPrep.Services.FlightAssessmentService/&lt;&gt;c" filename="FlightPrep/Services/FlightAssessmentService.cs" line-rate="1" branch-rate="1" complexity="1">
          <methods>
            <method name="&lt;ComputeAsync&gt;b__2_0" signature="(FlightPrep.Models.Passenger)" line-rate="1" branch-rate="1" complexity="1">
              <lines>
                <line number="25" hits="8" branch="False" />
              </lines>
            </method>
          </methods>
          <lines>
            <line number="25" hits="8" branch="False" />
          </lines>
        </class>
        <class name="FlightPrep.Services.FlightAssessmentService/&lt;ComputeAsync&gt;d__2" filename="FlightPrep/Services/FlightAssessmentService.cs" line-rate="1" branch-rate="1" complexity="4">
          <methods>
            <method name="MoveNext" signature="()" line-rate="1" branch-rate="1" complexity="4">
              <lines>
                <line number="19" hits="6" branch="False" />
                <line number="21" hits="5" branch="False" />
                <line number="23" hits="5" branch="True" condition-coverage="100% (2/2)">
                  <conditions>
                    <condition number="169" type="jump" coverage="100%" />
                  </conditions>
                </line>
                <line number="24" hits="5" branch="False" />
                <line number="27" hits="5" branch="True" condition-coverage="100% (2/2)">
                  <conditions>
                    <condition number="269" type="jump" coverage="100%" />
                  </conditions>
                </line>
                <line number="28" hits="5" branch="False" />
                <line number="30" hits="5" branch="False" />
                <line number="31" hits="5" branch="False" />
                <line number="32" hits="5" branch="False" />
                <line number="33" hits="5" branch="False" />
                <line number="34" hits="5" branch="False" />
                <line number="36" hits="5" branch="False" />
                <line number="37" hits="5" branch="False" />
              </lines>
            </method>
          </methods>
          <lines>
            <line number="19" hits="6" branch="False" />
            <line number="21" hits="5" branch="False" />
            <line number="23" hits="5" branch="True" condition-coverage="100% (2/2)">
              <conditions>
                <condition number="169" type="jump" coverage="100%" />
              </conditions>
            </line>
            <line number="24" hits="5" branch="False" />
            <line number="27" hits="5" branch="True" condition-coverage="100% (2/2)">
              <conditions>
                <condition number="269" type="jump" coverage="100%" />
              </conditions>
            </line>
            <line number="28" hits="5" branch="False" />
            <line number="30" hits="5" branch="False" />
            <line number="31" hits="5" branch="False" />
            <line number="32" hits="5" branch="False" />
            <line number="33" hits="5" branch="False" />
            <line number="34" hits="5" branch="False" />
            <line number="36" hits="5" branch="False" />
            <line number="37" hits="5" branch="False" />
          </lines>
        </class>
        <class name="FlightPrep.Services.FlightPreparationService" filename="FlightPrep/Services/FlightPreparationService.cs" line-rate="1" branch-rate="1" complexity="1">
          <methods>
            <method name=".ctor" signature="(Microsoft.EntityFrameworkCore.IDbContextFactory`1&lt;FlightPrep.Data.AppDbContext&gt;,Microsoft.Extensions.Logging.ILogger`1&lt;FlightPrep.Services.FlightPreparationService&gt;)" line-rate="1" branch-rate="1" complexity="1">
              <lines>
                <line number="13" hits="36" branch="False" />
                <line number="14" hits="36" branch="False" />
                <line number="15" hits="36" branch="False" />
              </lines>
            </method>
          </methods>
          <lines>
            <line number="13" hits="36" branch="False" />
            <line number="14" hits="36" branch="False" />
            <line number="15" hits="36" branch="False" />
          </lines>
        </class>
        <class name="FlightPrep.Services.FlightPreparationService/&lt;DeleteAsync&gt;d__9" filename="FlightPrep/Services/FlightPreparationService.cs" line-rate="0.7" branch-rate="1" complexity="4">
          <methods>
            <method name="MoveNext" signature="()" line-rate="0.7" branch-rate="1" complexity="4">
              <lines>
                <line number="199" hits="2" branch="False" />
                <line number="200" hits="2" branch="False" />
                <line number="201" hits="2" branch="True" condition-coverage="100% (2/2)">
                  <conditions>
                    <condition number="318" type="jump" coverage="100%" />
                  </conditions>
                </line>
                <line number="203" hits="1" branch="False" />
                <line number="204" hits="1" branch="True" condition-coverage="100% (2/2)">
                  <conditions>
                    <condition number="471" type="jump" coverage="100%" />
                  </conditions>
                </line>
                <line number="206" hits="2" branch="False" />
                <line number="207" hits="0" branch="False" />
                <line number="209" hits="0" branch="False" />
                <line number="210" hits="0" branch="False" />
                <line number="212" hits="2" branch="False" />
              </lines>
            </method>
          </methods>
          <lines>
            <line number="199" hits="2" branch="False" />
            <line number="200" hits="2" branch="False" />
            <line number="201" hits="2" branch="True" condition-coverage="100% (2/2)">
              <conditions>
                <condition number="318" type="jump" coverage="100%" />
              </conditions>
            </line>
            <line number="203" hits="1" branch="False" />
            <line number="204" hits="1" branch="True" condition-coverage="100% (2/2)">
              <conditions>
                <condition number="471" type="jump" coverage="100%" />
              </conditions>
            </line>
            <line number="206" hits="2" branch="False" />
            <line number="207" hits="0" branch="False" />
            <line number="209" hits="0" branch="False" />
            <line number="210" hits="0" branch="False" />
            <line number="212" hits="2" branch="False" />
          </lines>
        </class>
        <class name="FlightPrep.Services.FlightPreparationService/&lt;GetAllWithNavAsync&gt;d__15" filename="FlightPrep/Services/FlightPreparationService.cs" line-rate="1" branch-rate="1" complexity="2">
          <methods>
            <method name="MoveNext" signature="()" line-rate="1" branch-rate="1" complexity="2">
              <lines>
                <line number="332" hits="2" branch="False" />
                <line number="333" hits="2" branch="True" condition-coverage="100% (2/2)">
                  <conditions>
                    <condition number="582" type="jump" coverage="100%" />
                  </conditions>
                </line>
                <line number="334" hits="2" branch="False" />
                <line number="335" hits="2" branch="False" />
                <line number="336" hits="2" branch="False" />
                <line number="337" hits="2" branch="False" />
                <line number="338" hits="2" branch="False" />
                <line number="339" hits="2" branch="False" />
              </lines>
            </method>
          </methods>
          <lines>
            <line number="332" hits="2" branch="False" />
            <line number="333" hits="2" branch="True" condition-coverage="100% (2/2)">
              <conditions>
                <condition number="582" type="jump" coverage="100%" />
              </conditions>
            </line>
            <line number="334" hits="2" branch="False" />
            <line number="335" hits="2" branch="False" />
            <line number="336" hits="2" branch="False" />
            <line number="337" hits="2" branch="False" />
            <line number="338" hits="2" branch="False" />
            <line number="339" hits="2" branch="False" />
          </lines>
        </class>
        <class name="FlightPrep.Services.FlightPreparationService/&lt;GetBalloonsAsync&gt;d__3" filename="FlightPrep/Services/FlightPreparationService.cs" line-rate="1" branch-rate="1" complexity="2">
          <methods>
            <method name="MoveNext" signature="()" line-rate="1" branch-rate="1" complexity="2">
              <lines>
                <line number="22" hits="2" branch="False" />
                <line number="23" hits="2" branch="True" condition-coverage="100% (2/2)">
                  <conditions>
                    <condition number="387" type="jump" coverage="100%" />
                  </conditions>
                </line>
                <line number="24" hits="2" branch="False" />
              </lines>
            </method>
          </methods>
          <lines>
            <line number="22" hits="2" branch="False" />
            <line number="23" hits="2" branch="True" condition-coverage="100% (2/2)">
              <conditions>
                <condition number="387" type="jump" coverage="100%" />
              </conditions>
            </line>
            <line number="24" hits="2" branch="False" />
          </lines>
        </class>
        <class name="FlightPrep.Services.FlightPreparationService/&lt;GetByIdAsync&gt;d__7" filename="FlightPrep/Services/FlightPreparationService.cs" line-rate="1" branch-rate="1" complexity="2">
          <methods>
            <method name="MoveNext" signature="()" line-rate="1" branch-rate="1" complexity="2">
              <lines>
                <line number="70" hits="18" branch="False" />
                <line number="71" hits="18" branch="True" condition-coverage="100% (2/2)">
                  <conditions>
                    <condition number="1120" type="jump" coverage="100%" />
                  </conditions>
                </line>
                <line number="72" hits="18" branch="False" />
                <line number="73" hits="18" branch="False" />
                <line number="74" hits="18" branch="False" />
                <line number="75" hits="18" branch="False" />
                <line number="76" hits="18" branch="False" />
                <line number="77" hits="18" branch="False" />
                <line number="78" hits="18" branch="False" />
                <line number="79" hits="18" branch="False" />
              </lines>
            </method>
          </methods>
          <lines>
            <line number="70" hits="18" branch="False" />
            <line number="71" hits="18" branch="True" condition-coverage="100% (2/2)">
              <conditions>
                <condition number="1120" type="jump" coverage="100%" />
              </conditions>
            </line>
            <line number="72" hits="18" branch="False" />
            <line number="73" hits="18" branch="False" />
            <line number="74" hits="18" branch="False" />
            <line number="75" hits="18" branch="False" />
            <line number="76" hits="18" branch="False" />
            <line number="77" hits="18" branch="False" />
            <line number="78" hits="18" branch="False" />
            <line number="79" hits="18" branch="False" />
          </lines>
        </class>
        <class name="FlightPrep.Services.FlightPreparationService/&lt;GetFlightCountsAsync&gt;d__13" filename="FlightPrep/Services/FlightPreparationService.cs" line-rate="1" branch-rate="1" complexity="2">
          <methods>
            <method name="MoveNext" signature="()" line-rate="1" branch-rate="1" complexity="2">
              <lines>
                <line number="299" hits="2" branch="False" />
                <line number="300" hits="2" branch="False" />
                <line number="301" hits="2" branch="False" />
                <line number="302" hits="2" branch="False" />
                <line number="303" hits="2" branch="False" />
                <line number="304" hits="2" branch="True" condition-coverage="100% (2/2)">
                  <conditions>
                    <condition number="829" type="jump" coverage="100%" />
                  </conditions>
                </line>
                <line number="305" hits="2" branch="False" />
              </lines>
            </method>
          </methods>
          <lines>
            <line number="299" hits="2" branch="False" />
            <line number="300" hits="2" branch="False" />
            <line number="301" hits="2" branch="False" />
            <line number="302" hits="2" branch="False" />
            <line number="303" hits="2" branch="False" />
            <line number="304" hits="2" branch="True" condition-coverage="100% (2/2)">
              <conditions>
                <condition number="829" type="jump" coverage="100%" />
              </conditions>
            </line>
            <line number="305" hits="2" branch="False" />
          </lines>
        </class>
        <class name="FlightPrep.Services.FlightPreparationService/&lt;GetLocationsAsync&gt;d__5" filename="FlightPrep/Services/FlightPreparationService.cs" line-rate="1" branch-rate="1" complexity="2">
          <methods>
            <method name="MoveNext" signature="()" line-rate="1" branch-rate="1" complexity="2">
              <lines>
                <line number="36" hits="2" branch="False" />
                <line number="37" hits="2" branch="True" condition-coverage="100% (2/2)">
                  <conditions>
                    <condition number="387" type="jump" coverage="100%" />
                  </conditions>
                </line>
                <line number="38" hits="2" branch="False" />
              </lines>
            </method>
          </methods>
          <lines>
            <line number="36" hits="2" branch="False" />
            <line number="37" hits="2" branch="True" condition-coverage="100% (2/2)">
              <conditions>
                <condition number="387" type="jump" coverage="100%" />
              </conditions>
            </line>
            <line number="38" hits="2" branch="False" />
          </lines>
        </class>
        <class name="FlightPrep.Services.FlightPreparationService/&lt;GetPilotsAsync&gt;d__4" filename="FlightPrep/Services/FlightPreparationService.cs" line-rate="1" branch-rate="1" complexity="2">
          <methods>
            <method name="MoveNext" signature="()" line-rate="1" branch-rate="1" complexity="2">
              <lines>
                <line number="29" hits="2" branch="False" />
                <line number="30" hits="2" branch="True" condition-coverage="100% (2/2)">
                  <conditions>
                    <condition number="387" type="jump" coverage="100%" />
                  </conditions>
                </line>
                <line number="31" hits="2" branch="False" />
              </lines>
            </method>
          </methods>
          <lines>
            <line number="29" hits="2" branch="False" />
            <line number="30" hits="2" branch="True" condition-coverage="100% (2/2)">
              <conditions>
                <condition number="387" type="jump" coverage="100%" />
              </conditions>
            </line>
            <line number="31" hits="2" branch="False" />
          </lines>
        </class>
        <class name="FlightPrep.Services.FlightPreparationService/&lt;GetRecentAsync&gt;d__14" filename="FlightPrep/Services/FlightPreparationService.cs" line-rate="1" branch-rate="1" complexity="2">
          <methods>
            <method name="MoveNext" signature="()" line-rate="1" branch-rate="1" complexity="2">
              <lines>
                <line number="313" hits="3" branch="False" />
                <line number="314" hits="1" branch="False" />
                <line number="315" hits="1" branch="True" condition-coverage="100% (2/2)">
                  <conditions>
                    <condition number="674" type="jump" coverage="100%" />
                  </conditions>
                </line>
                <line number="316" hits="1" branch="False" />
                <line number="317" hits="1" branch="False" />
                <line number="318" hits="1" branch="False" />
                <line number="319" hits="1" branch="False" />
                <line number="320" hits="1" branch="False" />
                <line number="321" hits="1" branch="False" />
                <line number="322" hits="1" branch="False" />
                <line number="323" hits="1" branch="False" />
              </lines>
            </method>
          </methods>
          <lines>
            <line number="313" hits="3" branch="False" />
            <line number="314" hits="1" branch="False" />
            <line number="315" hits="1" branch="True" condition-coverage="100% (2/2)">
              <conditions>
                <condition number="674" type="jump" coverage="100%" />
              </conditions>
            </line>
            <line number="316" hits="1" branch="False" />
            <line number="317" hits="1" branch="False" />
            <line number="318" hits="1" branch="False" />
            <line number="319" hits="1" branch="False" />
            <line number="320" hits="1" branch="False" />
            <line number="321" hits="1" branch="False" />
            <line number="322" hits="1" branch="False" />
            <line number="323" hits="1" branch="False" />
          </lines>
        </class>
        <class name="FlightPrep.Services.FlightPreparationService/&lt;GetSummariesAsync&gt;d__6" filename="FlightPrep/Services/FlightPreparationService.cs" line-rate="1" branch-rate="1" complexity="2">
          <methods>
            <method name="MoveNext" signature="()" line-rate="1" branch-rate="1" complexity="2">
              <lines>
                <line number="48" hits="3" branch="False" />
                <line number="49" hits="3" branch="True" condition-coverage="100% (2/2)">
                  <conditions>
                    <condition number="895" type="jump" coverage="100%" />
                  </conditions>
                </line>
                <line number="50" hits="3" branch="False" />
                <line number="51" hits="3" branch="False" />
                <line number="52" hits="3" branch="False" />
                <line number="53" hits="3" branch="False" />
                <line number="54" hits="3" branch="False" />
                <line number="55" hits="3" branch="False" />
                <line number="56" hits="3" branch="False" />
                <line number="57" hits="3" branch="False" />
                <line number="58" hits="3" branch="False" />
                <line number="59" hits="3" branch="False" />
                <line number="60" hits="3" branch="False" />
                <line number="61" hits="3" branch="False" />
                <line number="62" hits="3" branch="False" />
              </lines>
            </method>
          </methods>
          <lines>
            <line number="48" hits="3" branch="False" />
            <line number="49" hits="3" branch="True" condition-coverage="100% (2/2)">
              <conditions>
                <condition number="895" type="jump" coverage="100%" />
              </conditions>
            </line>
            <line number="50" hits="3" branch="False" />
            <line number="51" hits="3" branch="False" />
            <line number="52" hits="3" branch="False" />
            <line number="53" hits="3" branch="False" />
            <line number="54" hits="3" branch="False" />
            <line number="55" hits="3" branch="False" />
            <line number="56" hits="3" branch="False" />
            <line number="57" hits="3" branch="False" />
            <line number="58" hits="3" branch="False" />
            <line number="59" hits="3" branch="False" />
            <line number="60" hits="3" branch="False" />
            <line number="61" hits="3" branch="False" />
            <line number="62" hits="3" branch="False" />
          </lines>
        </class>
        <class name="FlightPrep.Services.FlightPreparationService/&lt;PatchFlownAsync&gt;d__12" filename="FlightPrep/Services/FlightPreparationService.cs" line-rate="0.8125" branch-rate="1" complexity="4">
          <methods>
            <method name="MoveNext" signature="()" line-rate="0.8125" branch-rate="1" complexity="4">
              <lines>
                <line number="270" hits="3" branch="False" />
                <line number="271" hits="3" branch="False" />
                <line number="272" hits="3" branch="True" condition-coverage="100% (2/2)">
                  <conditions>
                    <condition number="318" type="jump" coverage="100%" />
                  </conditions>
                </line>
                <line number="274" hits="1" branch="False" />
                <line number="275" hits="1" branch="False" />
                <line number="278" hits="2" branch="False" />
                <line number="279" hits="2" branch="False" />
                <line number="280" hits="2" branch="False" />
                <line number="281" hits="2" branch="False" />
                <line number="282" hits="2" branch="False" />
                <line number="283" hits="2" branch="True" condition-coverage="100% (2/2)">
                  <conditions>
                    <condition number="559" type="jump" coverage="100%" />
                  </conditions>
                </line>
                <line number="284" hits="2" branch="False" />
                <line number="285" hits="0" branch="False" />
                <line number="287" hits="0" branch="False" />
                <line number="288" hits="0" branch="False" />
                <line number="290" hits="3" branch="False" />
              </lines>
            </method>
          </methods>
          <lines>
            <line number="270" hits="3" branch="False" />
            <line number="271" hits="3" branch="False" />
            <line number="272" hits="3" branch="True" condition-coverage="100% (2/2)">
              <conditions>
                <condition number="318" type="jump" coverage="100%" />
              </conditions>
            </line>
            <line number="274" hits="1" branch="False" />
            <line number="275" hits="1" branch="False" />
            <line number="278" hits="2" branch="False" />
            <line number="279" hits="2" branch="False" />
            <line number="280" hits="2" branch="False" />
            <line number="281" hits="2" branch="False" />
            <line number="282" hits="2" branch="False" />
            <line number="283" hits="2" branch="True" condition-coverage="100% (2/2)">
              <conditions>
                <condition number="559" type="jump" coverage="100%" />
              </conditions>
            </line>
            <line number="284" hits="2" branch="False" />
            <line number="285" hits="0" branch="False" />
            <line number="287" hits="0" branch="False" />
            <line number="288" hits="0" branch="False" />
            <line number="290" hits="3" branch="False" />
          </lines>
        </class>
        <class name="FlightPrep.Services.FlightPreparationService/&lt;PatchKmlTrackAsync&gt;d__11" filename="FlightPrep/Services/FlightPreparationService.cs" line-rate="0.7272" branch-rate="1" complexity="2">
          <methods>
            <method name="MoveNext" signature="()" line-rate="0.7272" branch-rate="1" complexity="2">
              <lines>
                <line number="242" hits="2" branch="False" />
                <line number="245" hits="1" branch="False" />
                <line number="246" hits="1" branch="False" />
                <line number="247" hits="1" branch="False" />
                <line number="248" hits="1" branch="False" />
                <line number="249" hits="1" branch="True" condition-coverage="100% (2/2)">
                  <conditions>
                    <condition number="448" type="jump" coverage="100%" />
                  </conditions>
                </line>
                <line number="250" hits="1" branch="False" />
                <line number="251" hits="0" branch="False" />
                <line number="253" hits="0" branch="False" />
                <line number="254" hits="0" branch="False" />
                <line number="256" hits="1" branch="False" />
              </lines>
            </method>
          </methods>
          <lines>
            <line number="242" hits="2" branch="False" />
            <line number="245" hits="1" branch="False" />
            <line number="246" hits="1" branch="False" />
            <line number="247" hits="1" branch="False" />
            <line number="248" hits="1" branch="False" />
            <line number="249" hits="1" branch="True" condition-coverage="100% (2/2)">
              <conditions>
                <condition number="448" type="jump" coverage="100%" />
              </conditions>
            </line>
            <line number="250" hits="1" branch="False" />
            <line number="251" hits="0" branch="False" />
            <line number="253" hits="0" branch="False" />
            <line number="254" hits="0" branch="False" />
            <line number="256" hits="1" branch="False" />
          </lines>
        </class>
        <class name="FlightPrep.Services.FlightPreparationService/&lt;PatchTrajectoryJsonAsync&gt;d__10" filename="FlightPrep/Services/FlightPreparationService.cs" line-rate="0.7" branch-rate="1" complexity="2">
          <methods>
            <method name="MoveNext" signature="()" line-rate="0.7" branch-rate="1" complexity="2">
              <lines>
                <line number="224" hits="3" branch="False" />
                <line number="225" hits="3" branch="False" />
                <line number="226" hits="3" branch="False" />
                <line number="227" hits="3" branch="False" />
                <line number="228" hits="3" branch="True" condition-coverage="100% (2/2)">
                  <conditions>
                    <condition number="432" type="jump" coverage="100%" />
                  </conditions>
                </line>
                <line number="229" hits="3" branch="False" />
                <line number="230" hits="0" branch="False" />
                <line number="232" hits="0" branch="False" />
                <line number="233" hits="0" branch="False" />
                <line number="235" hits="3" branch="False" />
              </lines>
            </method>
          </methods>
          <lines>
            <line number="224" hits="3" branch="False" />
            <line number="225" hits="3" branch="False" />
            <line number="226" hits="3" branch="False" />
            <line number="227" hits="3" branch="False" />
            <line number="228" hits="3" branch="True" condition-coverage="100% (2/2)">
              <conditions>
[...]
          <methods>
            <method name="MoveNext" signature="()" line-rate="0.8979" branch-rate="0.8332999999999999" complexity="6">
              <lines>
                <line number="75" hits="5" branch="False" />
                <line number="76" hits="5" branch="False" />
                <line number="77" hits="5" branch="False" />
                <line number="78" hits="5" branch="False" />
                <line number="79" hits="5" branch="False" />
                <line number="80" hits="5" branch="False" />
                <line number="81" hits="5" branch="False" />
                <line number="82" hits="5" branch="False" />
                <line number="83" hits="5" branch="False" />
                <line number="84" hits="5" branch="False" />
                <line number="85" hits="5" branch="False" />
                <line number="92" hits="5" branch="False" />
                <line number="94" hits="5" branch="True" condition-coverage="50% (1/2)">
                  <conditions>
                    <condition number="349" type="jump" coverage="50%" />
                  </conditions>
                </line>
                <line number="96" hits="0" branch="False" />
                <line number="97" hits="0" branch="False" />
                <line number="98" hits="0" branch="False" />
                <line number="99" hits="0" branch="False" />
                <line number="100" hits="0" branch="False" />
                <line number="104" hits="5" branch="False" />
                <line number="105" hits="5" branch="False" />
                <line number="106" hits="5" branch="False" />
                <line number="107" hits="5" branch="False" />
                <line number="112" hits="5" branch="False" />
                <line number="113" hits="5" branch="False" />
                <line number="114" hits="4" branch="False" />
                <line number="115" hits="3" branch="False" />
                <line number="118" hits="3" branch="False" />
                <line number="120" hits="3" branch="False" />
                <line number="122" hits="3" branch="True" condition-coverage="100% (2/2)">
                  <conditions>
                    <condition number="998" type="jump" coverage="100%" />
                  </conditions>
                </line>
                <line number="124" hits="1" branch="False" />
                <line number="125" hits="1" branch="False" />
                <line number="128" hits="2" branch="False" />
                <line number="129" hits="2" branch="False" />
                <line number="130" hits="36" branch="True" condition-coverage="100% (2/2)">
                  <conditions>
                    <condition number="1376" type="jump" coverage="100%" />
                  </conditions>
                </line>
                <line number="132" hits="16" branch="False" />
                <line number="133" hits="16" branch="False" />
                <line number="134" hits="16" branch="False" />
                <line number="135" hits="16" branch="False" />
                <line number="136" hits="16" branch="False" />
                <line number="137" hits="16" branch="False" />
                <line number="138" hits="16" branch="False" />
                <line number="139" hits="16" branch="False" />
                <line number="140" hits="16" branch="False" />
                <line number="141" hits="16" branch="False" />
                <line number="143" hits="2" branch="False" />
                <line number="145" hits="2" branch="False" />
                <line number="147" hits="2" branch="False" />
                <line number="148" hits="2" branch="False" />
                <line number="150" hits="5" branch="False" />
              </lines>
            </method>
          </methods>
          <lines>
            <line number="75" hits="5" branch="False" />
            <line number="76" hits="5" branch="False" />
            <line number="77" hits="5" branch="False" />
            <line number="78" hits="5" branch="False" />
            <line number="79" hits="5" branch="False" />
            <line number="80" hits="5" branch="False" />
            <line number="81" hits="5" branch="False" />
            <line number="82" hits="5" branch="False" />
            <line number="83" hits="5" branch="False" />
            <line number="84" hits="5" branch="False" />
            <line number="85" hits="5" branch="False" />
            <line number="92" hits="5" branch="False" />
            <line number="94" hits="5" branch="True" condition-coverage="50% (1/2)">
              <conditions>
                <condition number="349" type="jump" coverage="50%" />
              </conditions>
            </line>
            <line number="96" hits="0" branch="False" />
            <line number="97" hits="0" branch="False" />
            <line number="98" hits="0" branch="False" />
            <line number="99" hits="0" branch="False" />
            <line number="100" hits="0" branch="False" />
            <line number="104" hits="5" branch="False" />
            <line number="105" hits="5" branch="False" />
            <line number="106" hits="5" branch="False" />
            <line number="107" hits="5" branch="False" />
            <line number="112" hits="5" branch="False" />
            <line number="113" hits="5" branch="False" />
            <line number="114" hits="4" branch="False" />
            <line number="115" hits="3" branch="False" />
            <line number="118" hits="3" branch="False" />
            <line number="120" hits="3" branch="False" />
            <line number="122" hits="3" branch="True" condition-coverage="100% (2/2)">
              <conditions>
                <condition number="998" type="jump" coverage="100%" />
              </conditions>
            </line>
            <line number="124" hits="1" branch="False" />
            <line number="125" hits="1" branch="False" />
            <line number="128" hits="2" branch="False" />
            <line number="129" hits="2" branch="False" />
            <line number="130" hits="36" branch="True" condition-coverage="100% (2/2)">
              <conditions>
                <condition number="1376" type="jump" coverage="100%" />
              </conditions>
            </line>
            <line number="132" hits="16" branch="False" />
            <line number="133" hits="16" branch="False" />
            <line number="134" hits="16" branch="False" />
            <line number="135" hits="16" branch="False" />
            <line number="136" hits="16" branch="False" />
            <line number="137" hits="16" branch="False" />
            <line number="138" hits="16" branch="False" />
            <line number="139" hits="16" branch="False" />
            <line number="140" hits="16" branch="False" />
            <line number="141" hits="16" branch="False" />
            <line number="143" hits="2" branch="False" />
            <line number="145" hits="2" branch="False" />
            <line number="147" hits="2" branch="False" />
            <line number="148" hits="2" branch="False" />
            <line number="150" hits="5" branch="False" />
          </lines>
        </class>
        <class name="FlightPrep.Services.WeatherFetchService/&lt;FetchWindTimeSeriesAsync&gt;d__7" filename="FlightPrep.Infrastructure/Services/WeatherFetchService.cs" line-rate="0.9433" branch-rate="0.9285" complexity="14">
          <methods>
            <method name="MoveNext" signature="()" line-rate="0.9433" branch-rate="0.9285" complexity="14">
              <lines>
                <line number="156" hits="44" branch="False" />
                <line number="157" hits="44" branch="False" />
                <line number="158" hits="44" branch="False" />
                <line number="159" hits="44" branch="False" />
                <line number="160" hits="44" branch="False" />
                <line number="161" hits="44" branch="False" />
                <line number="162" hits="44" branch="False" />
                <line number="163" hits="44" branch="False" />
                <line number="164" hits="44" branch="False" />
                <line number="165" hits="44" branch="False" />
                <line number="166" hits="44" branch="False" />
                <line number="172" hits="44" branch="False" />
                <line number="173" hits="44" branch="True" condition-coverage="100% (2/2)">
                  <conditions>
                    <condition number="353" type="jump" coverage="100%" />
                  </conditions>
                </line>
                <line number="174" hits="1" branch="False" />
                <line number="177" hits="43" branch="False" />
                <line number="179" hits="43" branch="True" condition-coverage="50% (1/2)">
                  <conditions>
                    <condition number="400" type="jump" coverage="50%" />
                  </conditions>
                </line>
                <line number="181" hits="43" branch="False" />
                <line number="182" hits="43" branch="False" />
                <line number="183" hits="43" branch="False" />
                <line number="184" hits="43" branch="False" />
                <line number="185" hits="43" branch="False" />
                <line number="186" hits="43" branch="False" />
                <line number="190" hits="0" branch="False" />
                <line number="191" hits="0" branch="False" />
                <line number="192" hits="0" branch="False" />
                <line number="197" hits="43" branch="False" />
                <line number="198" hits="43" branch="False" />
                <line number="199" hits="40" branch="False" />
                <line number="200" hits="39" branch="False" />
                <line number="202" hits="39" branch="False" />
                <line number="203" hits="39" branch="False" />
                <line number="205" hits="460" branch="True" condition-coverage="100% (2/2)">
                  <conditions>
                    <condition number="1412" type="jump" coverage="100%" />
                  </conditions>
                </line>
                <line number="207" hits="191" branch="True" condition-coverage="100% (2/2)">
                  <conditions>
                    <condition number="996" type="jump" coverage="100%" />
                  </conditions>
                </line>
                <line number="209" hits="191" branch="False" />
                <line number="211" hits="191" branch="True" condition-coverage="100% (4/4)">
                  <conditions>
                    <condition number="1038" type="jump" coverage="100%" />
                    <condition number="1070" type="jump" coverage="100%" />
                  </conditions>
                </line>
                <line number="214" hits="155" branch="False" />
                <line number="215" hits="155" branch="False" />
                <line number="216" hits="2790" branch="True" condition-coverage="100% (2/2)">
                  <conditions>
                    <condition number="1376" type="jump" coverage="100%" />
                  </conditions>
                </line>
                <line number="218" hits="1240" branch="False" />
                <line number="219" hits="1240" branch="False" />
                <line number="220" hits="1240" branch="False" />
                <line number="221" hits="1240" branch="False" />
                <line number="222" hits="1240" branch="False" />
                <line number="223" hits="1240" branch="False" />
                <line number="224" hits="1240" branch="False" />
                <line number="225" hits="1240" branch="False" />
                <line number="226" hits="1240" branch="False" />
                <line number="228" hits="155" branch="False" />
                <line number="230" hits="39" branch="False" />
                <line number="232" hits="4" branch="False" />
                <line number="234" hits="4" branch="False" />
                <line number="235" hits="4" branch="False" />
                <line number="237" hits="44" branch="False" />
              </lines>
            </method>
          </methods>
          <lines>
            <line number="156" hits="44" branch="False" />
            <line number="157" hits="44" branch="False" />
            <line number="158" hits="44" branch="False" />
            <line number="159" hits="44" branch="False" />
            <line number="160" hits="44" branch="False" />
            <line number="161" hits="44" branch="False" />
            <line number="162" hits="44" branch="False" />
            <line number="163" hits="44" branch="False" />
            <line number="164" hits="44" branch="False" />
            <line number="165" hits="44" branch="False" />
            <line number="166" hits="44" branch="False" />
            <line number="172" hits="44" branch="False" />
            <line number="173" hits="44" branch="True" condition-coverage="100% (2/2)">
              <conditions>
                <condition number="353" type="jump" coverage="100%" />
              </conditions>
            </line>
            <line number="174" hits="1" branch="False" />
            <line number="177" hits="43" branch="False" />
            <line number="179" hits="43" branch="True" condition-coverage="50% (1/2)">
              <conditions>
                <condition number="400" type="jump" coverage="50%" />
              </conditions>
            </line>
            <line number="181" hits="43" branch="False" />
            <line number="182" hits="43" branch="False" />
            <line number="183" hits="43" branch="False" />
            <line number="184" hits="43" branch="False" />
            <line number="185" hits="43" branch="False" />
            <line number="186" hits="43" branch="False" />
            <line number="190" hits="0" branch="False" />
            <line number="191" hits="0" branch="False" />
            <line number="192" hits="0" branch="False" />
            <line number="197" hits="43" branch="False" />
            <line number="198" hits="43" branch="False" />
            <line number="199" hits="40" branch="False" />
            <line number="200" hits="39" branch="False" />
            <line number="202" hits="39" branch="False" />
            <line number="203" hits="39" branch="False" />
            <line number="205" hits="460" branch="True" condition-coverage="100% (2/2)">
              <conditions>
                <condition number="1412" type="jump" coverage="100%" />
              </conditions>
            </line>
            <line number="207" hits="191" branch="True" condition-coverage="100% (2/2)">
              <conditions>
                <condition number="996" type="jump" coverage="100%" />
              </conditions>
            </line>
            <line number="209" hits="191" branch="False" />
            <line number="211" hits="191" branch="True" condition-coverage="100% (4/4)">
              <conditions>
                <condition number="1038" type="jump" coverage="100%" />
                <condition number="1070" type="jump" coverage="100%" />
              </conditions>
            </line>
            <line number="214" hits="155" branch="False" />
            <line number="215" hits="155" branch="False" />
            <line number="216" hits="2790" branch="True" condition-coverage="100% (2/2)">
              <conditions>
                <condition number="1376" type="jump" coverage="100%" />
              </conditions>
            </line>
            <line number="218" hits="1240" branch="False" />
            <line number="219" hits="1240" branch="False" />
            <line number="220" hits="1240" branch="False" />
            <line number="221" hits="1240" branch="False" />
            <line number="222" hits="1240" branch="False" />
            <line number="223" hits="1240" branch="False" />
            <line number="224" hits="1240" branch="False" />
            <line number="225" hits="1240" branch="False" />
            <line number="226" hits="1240" branch="False" />
            <line number="228" hits="155" branch="False" />
            <line number="230" hits="39" branch="False" />
            <line number="232" hits="4" branch="False" />
            <line number="234" hits="4" branch="False" />
            <line number="235" hits="4" branch="False" />
            <line number="237" hits="44" branch="False" />
          </lines>
        </class>
        <class name="FlightPrep.Services.WeatherService" filename="FlightPrep.Infrastructure/Services/WeatherService.cs" line-rate="1" branch-rate="1" complexity="1">
          <methods>
            <method name=".ctor" signature="(System.Net.Http.HttpClient)" line-rate="1" branch-rate="1" complexity="1">
              <lines>
                <line number="3" hits="5" branch="False" />
              </lines>
            </method>
          </methods>
          <lines>
            <line number="3" hits="5" branch="False" />
          </lines>
        </class>
        <class name="FlightPrep.Services.WeatherService/&lt;FetchAsync&gt;d__2" filename="FlightPrep.Infrastructure/Services/WeatherService.cs" line-rate="1" branch-rate="1" complexity="4">
          <methods>
            <method name="MoveNext" signature="()" line-rate="1" branch-rate="1" complexity="4">
              <lines>
                <line number="9" hits="5" branch="False" />
                <line number="10" hits="5" branch="False" />
                <line number="11" hits="5" branch="False" />
                <line number="12" hits="5" branch="False" />
                <line number="14" hits="5" branch="False" />
                <line number="16" hits="3" branch="False" />
                <line number="17" hits="3" branch="False" />
                <line number="19" hits="3" branch="True" condition-coverage="100% (4/4)">
                  <conditions>
                    <condition number="474" type="jump" coverage="100%" />
                    <condition number="492" type="jump" coverage="100%" />
                  </conditions>
                </line>
                <line number="20" hits="3" branch="False" />
                <line number="21" hits="3" branch="False" />
                <line number="22" hits="3" branch="False" />
                <line number="24" hits="2" branch="False" />
                <line number="26" hits="2" branch="False" />
                <line number="28" hits="5" branch="False" />
              </lines>
            </method>
          </methods>
          <lines>
            <line number="9" hits="5" branch="False" />
            <line number="10" hits="5" branch="False" />
            <line number="11" hits="5" branch="False" />
            <line number="12" hits="5" branch="False" />
            <line number="14" hits="5" branch="False" />
            <line number="16" hits="3" branch="False" />
            <line number="17" hits="3" branch="False" />
            <line number="19" hits="3" branch="True" condition-coverage="100% (4/4)">
              <conditions>
                <condition number="474" type="jump" coverage="100%" />
                <condition number="492" type="jump" coverage="100%" />
              </conditions>
            </line>
            <line number="20" hits="3" branch="False" />
            <line number="21" hits="3" branch="False" />
            <line number="22" hits="3" branch="False" />
            <line number="24" hits="2" branch="False" />
            <line number="26" hits="2" branch="False" />
            <line number="28" hits="5" branch="False" />
          </lines>
        </class>
      </classes>
    </package>
  </packages>
</coverage>